<?xml version="1.0" encoding="UTF-8"?>
<!-- Generated by org.testng.reporters.JUnitXMLReporter -->
<testsuite ignored="0" hostname="EPINCHEW0201" failures="1" tests="1" name="Surefire test" time="3.036" errors="0" timestamp="2024-10-05T09:55:57 IST">
  <testcase classname="IndustryStandard.MyFirstTest" name="FirstTest" time="0.026">
    <failure type="java.lang.AssertionError" message="expected [true] but found [false]">
      <![CDATA[java.lang.AssertionError: expected [true] but found [false]
at IndustryStandard.MyFirstTest.FirstTest(MyFirstTest.java:14)
at java.base/java.util.ArrayList.forEach(ArrayList.java:1596)
... Removed 34 stack frames]]>
    </failure>
  </testcase> <!-- FirstTest -->
</testsuite> <!-- Surefire test -->
